<?xml version="1.0" encoding="UTF-8"?>
<!-- Generated by org.testng.reporters.JUnitReportReporter -->
<testsuite hostname="LAPTOP-2NUOATF4" failures="0" tests="1" name="testng.NavigationalDemoMethodsDemo" time="12.862" errors="0" timestamp="2025-05-06T21:22:38 EDT" skipped="0">
  <testcase classname="testng.NavigationalDemoMethodsDemo" name="f" time="12.862"/>
</testsuite> <!-- testng.NavigationalDemoMethodsDemo -->
