<?xml version="1.0" encoding="UTF-8"?>
<!-- Generated by org.testng.reporters.JUnitReportReporter -->
<testsuite hostname="LAPTOP-2NUOATF4" failures="0" tests="1" name="testng.AlertDemo" time="14.292" errors="0" timestamp="2025-05-06T20:02:58 EDT" skipped="0">
  <testcase classname="testng.AlertDemo" name="f" time="14.292"/>
</testsuite> <!-- testng.AlertDemo -->
