<?xml version="1.0" encoding="UTF-8"?>
<!-- Generated by org.testng.reporters.JUnitReportReporter -->
<testsuite hostname="LAPTOP-2NUOATF4" failures="0" tests="1" name="com.testscenarios.FB_Login_New" time="6.802" errors="0" timestamp="2025-06-08T21:00:11 EDT" skipped="0">
  <testcase classname="com.testscenarios.FB_Login_New" name="f" time="6.802"/>
</testsuite> <!-- com.testscenarios.FB_Login_New -->
