<?xml version="1.0" encoding="UTF-8"?>
<!-- Generated by org.testng.reporters.JUnitReportReporter -->
<testsuite hostname="LAPTOP-2NUOATF4" failures="0" tests="1" name="com.testscenarios.ReadDataFromExcelFile" time="0.581" errors="0" timestamp="2025-06-08T21:01:54 EDT" skipped="0">
  <testcase classname="com.testscenarios.ReadDataFromExcelFile" name="f" time="0.581"/>
</testsuite> <!-- com.testscenarios.ReadDataFromExcelFile -->
