<?xml version="1.0" encoding="UTF-8"?>
<!-- Generated by org.testng.reporters.JUnitReportReporter -->
<testsuite hostname="LAPTOP-2NUOATF4" failures="0" tests="1" name="runner.RunTestNGTest" time="8.109" errors="0" timestamp="2025-05-31T22:15:10 EDT" skipped="0">
  <testcase classname="runner.RunTestNGTest" name="runScenario" time="8.109"/>
</testsuite> <!-- runner.RunTestNGTest -->
